<?xml version="1.0" encoding="UTF-8"?>
<testng-results ignored="0" total="1" passed="1" failed="0" skipped="0">
  <reporter-output>
  </reporter-output>
  <suite started-at="2025-03-29T21:55:52 IST" name="Default suite" finished-at="2025-03-29T21:56:50 IST" duration-ms="58208">
    <groups>
    </groups>
    <test started-at="2025-03-29T21:55:52 IST" name="Default test" finished-at="2025-03-29T21:56:50 IST" duration-ms="58208">
      <class name="Tests.HotelBookingTest">
        <test-method is-config="true" signature="clearOldOutput()[pri:0, instance:Tests.HotelBookingTest@30f4b1a6]" started-at="2025-03-29T21:55:52 IST" name="clearOldOutput" finished-at="2025-03-29T21:55:52 IST" duration-ms="40" status="PASS">
          <reporter-output>
          </reporter-output>
        </test-method> <!-- clearOldOutput -->
        <test-method is-config="true" signature="setUp()[pri:0, instance:Tests.HotelBookingTest@30f4b1a6]" started-at="2025-03-29T21:55:52 IST" name="setUp" finished-at="2025-03-29T21:55:58 IST" duration-ms="5965" status="PASS">
          <reporter-output>
          </reporter-output>
        </test-method> <!-- setUp -->
        <test-method is-config="true" signature="setupTest()[pri:0, instance:Tests.HotelBookingTest@30f4b1a6]" started-at="2025-03-29T21:55:58 IST" name="setupTest" finished-at="2025-03-29T21:55:58 IST" duration-ms="4" status="PASS">
          <reporter-output>
          </reporter-output>
        </test-method> <!-- setupTest -->
        <test-method signature="testHotelBookingWithCoupon()[pri:0, instance:Tests.HotelBookingTest@30f4b1a6]" started-at="2025-03-29T21:55:58 IST" name="testHotelBookingWithCoupon" finished-at="2025-03-29T21:56:49 IST" duration-ms="51244" status="PASS">
          <reporter-output>
          </reporter-output>
        </test-method> <!-- testHotelBookingWithCoupon -->
        <test-method is-config="true" signature="tearDown()[pri:0, instance:Tests.HotelBookingTest@30f4b1a6]" started-at="2025-03-29T21:56:49 IST" name="tearDown" finished-at="2025-03-29T21:56:50 IST" duration-ms="930" status="PASS">
          <reporter-output>
          </reporter-output>
        </test-method> <!-- tearDown -->
        <test-method is-config="true" signature="takeScreenshotOnFailure(org.testng.ITestResult)[pri:0, instance:Tests.HotelBookingTest@30f4b1a6]" started-at="2025-03-29T21:56:49 IST" name="takeScreenshotOnFailure" finished-at="2025-03-29T21:56:49 IST" duration-ms="0" status="PASS">
          <params>
            <param index="0">
              <value>
                <![CDATA[[TestResult name=testHotelBookingWithCoupon status=SUCCESS method=HotelBookingTest.testHotelBookingWithCoupon()[pri:0, instance:Tests.HotelBookingTest@30f4b1a6] output={null}]]]>
              </value>
            </param>
          </params>
          <reporter-output>
          </reporter-output>
        </test-method> <!-- takeScreenshotOnFailure -->
      </class> <!-- Tests.HotelBookingTest -->
    </test> <!-- Default test -->
  </suite> <!-- Default suite -->
</testng-results>
