<?xml version="1.0" encoding="UTF-8"?>
<testng-results ignored="0" total="1" passed="1" failed="0" skipped="0">
  <reporter-output>
  </reporter-output>
  <suite started-at="2025-03-29T22:48:15 IST" name="Default suite" finished-at="2025-03-29T22:49:04 IST" duration-ms="49333">
    <groups>
    </groups>
    <test started-at="2025-03-29T22:48:15 IST" name="Default test" finished-at="2025-03-29T22:49:04 IST" duration-ms="49333">
      <class name="Tests.HotelBookingTest">
        <test-method is-config="true" signature="clearOldOutput()[pri:0, instance:Tests.HotelBookingTest@669d2b1b]" started-at="2025-03-29T22:48:14 IST" name="clearOldOutput" finished-at="2025-03-29T22:48:14 IST" duration-ms="25" status="PASS">
          <reporter-output>
          </reporter-output>
        </test-method> <!-- clearOldOutput -->
        <test-method is-config="true" signature="setupExtent()[pri:0, instance:Tests.HotelBookingTest@669d2b1b]" started-at="2025-03-29T22:48:14 IST" name="setupExtent" finished-at="2025-03-29T22:48:15 IST" duration-ms="328" status="PASS">
          <reporter-output>
          </reporter-output>
        </test-method> <!-- setupExtent -->
        <test-method is-config="true" signature="setUp()[pri:0, instance:Tests.HotelBookingTest@669d2b1b]" started-at="2025-03-29T22:48:15 IST" name="setUp" finished-at="2025-03-29T22:48:19 IST" duration-ms="4815" status="PASS">
          <reporter-output>
          </reporter-output>
        </test-method> <!-- setUp -->
        <test-method is-config="true" signature="setupTest()[pri:0, instance:Tests.HotelBookingTest@669d2b1b]" started-at="2025-03-29T22:48:19 IST" name="setupTest" finished-at="2025-03-29T22:48:20 IST" duration-ms="9" status="PASS">
          <reporter-output>
          </reporter-output>
        </test-method> <!-- setupTest -->
        <test-method signature="testHotelBookingWithCoupon()[pri:0, instance:Tests.HotelBookingTest@669d2b1b]" started-at="2025-03-29T22:48:20 IST" name="testHotelBookingWithCoupon" finished-at="2025-03-29T22:49:03 IST" duration-ms="43863" status="PASS">
          <reporter-output>
          </reporter-output>
        </test-method> <!-- testHotelBookingWithCoupon -->
        <test-method is-config="true" signature="takeScreenshotOnFailure(org.testng.ITestResult)[pri:0, instance:Tests.HotelBookingTest@669d2b1b]" started-at="2025-03-29T22:49:03 IST" name="takeScreenshotOnFailure" finished-at="2025-03-29T22:49:03 IST" duration-ms="1" status="PASS">
          <params>
            <param index="0">
              <value>
                <![CDATA[[TestResult name=testHotelBookingWithCoupon status=SUCCESS method=HotelBookingTest.testHotelBookingWithCoupon()[pri:0, instance:Tests.HotelBookingTest@669d2b1b] output={null}]]]>
              </value>
            </param>
          </params>
          <reporter-output>
          </reporter-output>
        </test-method> <!-- takeScreenshotOnFailure -->
        <test-method is-config="true" signature="tearDown()[pri:0, instance:Tests.HotelBookingTest@669d2b1b]" started-at="2025-03-29T22:49:03 IST" name="tearDown" finished-at="2025-03-29T22:49:04 IST" duration-ms="603" status="PASS">
          <reporter-output>
          </reporter-output>
        </test-method> <!-- tearDown -->
        <test-method is-config="true" signature="flushReports()[pri:0, instance:Tests.HotelBookingTest@669d2b1b]" started-at="2025-03-29T22:49:04 IST" name="flushReports" finished-at="2025-03-29T22:49:04 IST" duration-ms="348" status="PASS">
          <reporter-output>
          </reporter-output>
        </test-method> <!-- flushReports -->
      </class> <!-- Tests.HotelBookingTest -->
    </test> <!-- Default test -->
  </suite> <!-- Default suite -->
</testng-results>
